# JRE version: Java(TM) SE Runtime Environment (8.0_191-b12) (build 1.8.0_191-b12)
# Java VM: Java HotSpot(TM) 64-Bit Server VM (25.191-b12 mixed mode bsd-amd64 compressed oops)
Heap:
 PSYoungGen      total 25600K, used 11239K [0x000000076ab00000, 0x000000076cd80000, 0x00000007c0000000)
  eden space 15872K, 15% used [0x000000076ab00000,0x000000076ad787b0,0x000000076ba80000)
  from space 9728K, 89% used [0x000000076c400000,0x000000076cc815d8,0x000000076cd80000)
  to   space 9728K, 0% used [0x000000076ba80000,0x000000076ba80000,0x000000076c400000)
 ParOldGen       total 33280K, used 28311K [0x00000006c0000000, 0x00000006c2080000, 0x000000076ab00000)
  object space 33280K, 85% used [0x00000006c0000000,0x00000006c1ba5c58,0x00000006c2080000)
 Metaspace       used 20762K, capacity 21182K, committed 21504K, reserved 1069056K
  class space    used 2604K, capacity 2723K, committed 2816K, reserved 1048576K
GC Heap History (10 events):
Event: 20558.676 GC heap before
{Heap before GC invocations=11514 (full 256):
 PSYoungGen      total 25600K, used 24486K [0x000000076ab00000, 0x000000076cd80000, 0x00000007c0000000)
  eden space 15872K, 100% used [0x000000076ab00000,0x000000076ba80000,0x000000076ba80000)
  from space 9728K, 88% used [0x000000076ba80000,0x000000076c2e9a58,0x000000076c400000)
  to   space 9728K, 0% used [0x000000076c400000,0x000000076c400000,0x000000076cd80000)
 ParOldGen       total 33280K, used 26381K [0x00000006c0000000, 0x00000006c2080000, 0x000000076ab00000)
  object space 33280K, 79% used [0x00000006c0000000,0x00000006c19c3438,0x00000006c2080000)
 Metaspace       used 20737K, capacity 21174K, committed 21504K, reserved 1069056K
  class space    used 2600K, capacity 2721K, committed 2816K, reserved 1048576K
Event: 20558.699 GC heap after
Heap after GC invocations=11514 (full 256):
 PSYoungGen      total 25600K, used 8724K [0x000000076ab00000, 0x000000076cd80000, 0x00000007c0000000)
  eden space 15872K, 0% used [0x000000076ab00000,0x000000076ab00000,0x000000076ba80000)
  from space 9728K, 89% used [0x000000076c400000,0x000000076cc85038,0x000000076cd80000)
  to   space 9728K, 0% used [0x000000076ba80000,0x000000076ba80000,0x000000076c400000)
 ParOldGen       total 33280K, used 26389K [0x00000006c0000000, 0x00000006c2080000, 0x000000076ab00000)
  object space 33280K, 79% used [0x00000006c0000000,0x00000006c19c5438,0x00000006c2080000)
 Metaspace       used 20737K, capacity 21174K, committed 21504K, reserved 1069056K
  class space    used 2600K, capacity 2721K, committed 2816K, reserved 1048576K
}
Event: 20967.743 GC heap before
{Heap before GC invocations=11515 (full 256):
 PSYoungGen      total 25600K, used 24596K [0x000000076ab00000, 0x000000076cd80000, 0x00000007c0000000)
  eden space 15872K, 100% used [0x000000076ab00000,0x000000076ba80000,0x000000076ba80000)
  from space 9728K, 89% used [0x000000076c400000,0x000000076cc85038,0x000000076cd80000)
  to   space 9728K, 0% used [0x000000076ba80000,0x000000076ba80000,0x000000076c400000)
 ParOldGen       total 33280K, used 26389K [0x00000006c0000000, 0x00000006c2080000, 0x000000076ab00000)
  object space 33280K, 79% used [0x00000006c0000000,0x00000006c19c5438,0x00000006c2080000)
 Metaspace       used 20737K, capacity 21174K, committed 21504K, reserved 1069056K
  class space    used 2600K, capacity 2721K, committed 2816K, reserved 1048576K
Event: 20967.749 GC heap after
Heap after GC invocations=11515 (full 256):
 PSYoungGen      total 25600K, used 8852K [0x000000076ab00000, 0x000000076cd80000, 0x00000007c0000000)
  eden space 15872K, 0% used [0x000000076ab00000,0x000000076ab00000,0x000000076ba80000)
  from space 9728K, 90% used [0x000000076ba80000,0x000000076c325038,0x000000076c400000)
  to   space 9728K, 0% used [0x000000076c400000,0x000000076c400000,0x000000076cd80000)
 ParOldGen       total 33280K, used 26437K [0x00000006c0000000, 0x00000006c2080000, 0x000000076ab00000)
  object space 33280K, 79% used [0x00000006c0000000,0x00000006c19d1438,0x00000006c2080000)
 Metaspace       used 20737K, capacity 21174K, committed 21504K, reserved 1069056K
  class space    used 2600K, capacity 2721K, committed 2816K, reserved 1048576K
}
Event: 21371.370 GC heap before
{Heap before GC invocations=11516 (full 256):
 PSYoungGen      total 25600K, used 24724K [0x000000076ab00000, 0x000000076cd80000, 0x00000007c0000000)
  eden space 15872K, 100% used [0x000000076ab00000,0x000000076ba80000,0x000000076ba80000)
  from space 9728K, 90% used [0x000000076ba80000,0x000000076c325038,0x000000076c400000)
  to   space 9728K, 0% used [0x000000076c400000,0x000000076c400000,0x000000076cd80000)
 ParOldGen       total 33280K, used 26437K [0x00000006c0000000, 0x00000006c2080000, 0x000000076ab00000)
  object space 33280K, 79% used [0x00000006c0000000,0x00000006c19d1438,0x00000006c2080000)
 Metaspace       used 20737K, capacity 21174K, committed 21504K, reserved 1069056K
  class space    used 2600K, capacity 2721K, committed 2816K, reserved 1048576K
Event: 21371.413 GC heap after
Heap after GC invocations=11516 (full 256):
 PSYoungGen      total 25600K, used 8778K [0x000000076ab00000, 0x000000076cd80000, 0x00000007c0000000)
  eden space 15872K, 0% used [0x000000076ab00000,0x000000076ab00000,0x000000076ba80000)
  from space 9728K, 90% used [0x000000076c400000,0x000000076cc92b28,0x000000076cd80000)
  to   space 9728K, 0% used [0x000000076ba80000,0x000000076ba80000,0x000000076c400000)
 ParOldGen       total 33280K, used 26445K [0x00000006c0000000, 0x00000006c2080000, 0x000000076ab00000)
  object space 33280K, 79% used [0x00000006c0000000,0x00000006c19d3438,0x00000006c2080000)
 Metaspace       used 20737K, capacity 21174K, committed 21504K, reserved 1069056K
  class space    used 2600K, capacity 2721K, committed 2816K, reserved 1048576K
}
Event: 21775.643 GC heap before
{Heap before GC invocations=11517 (full 256):
 PSYoungGen      total 25600K, used 24650K [0x000000076ab00000, 0x000000076cd80000, 0x00000007c0000000)
  eden space 15872K, 100% used [0x000000076ab00000,0x000000076ba80000,0x000000076ba80000)
  from space 9728K, 90% used [0x000000076c400000,0x000000076cc92b28,0x000000076cd80000)
  to   space 9728K, 0% used [0x000000076ba80000,0x000000076ba80000,0x000000076c400000)
 ParOldGen       total 33280K, used 26445K [0x00000006c0000000, 0x00000006c2080000, 0x000000076ab00000)
  object space 33280K, 79% used [0x00000006c0000000,0x00000006c19d3438,0x00000006c2080000)
 Metaspace       used 20737K, capacity 21174K, committed 21504K, reserved 1069056K
  class space    used 2600K, capacity 2721K, committed 2816K, reserved 1048576K
Event: 21775.649 GC heap after
Heap after GC invocations=11517 (full 256):
 PSYoungGen      total 25600K, used 8801K [0x000000076ab00000, 0x000000076cd80000, 0x00000007c0000000)
  eden space 15872K, 0% used [0x000000076ab00000,0x000000076ab00000,0x000000076ba80000)
  from space 9728K, 90% used [0x000000076ba80000,0x000000076c318618,0x000000076c400000)
  to   space 9728K, 0% used [0x000000076c400000,0x000000076c400000,0x000000076cd80000)
 ParOldGen       total 33280K, used 26453K [0x00000006c0000000, 0x00000006c2080000, 0x000000076ab00000)
  object space 33280K, 79% used [0x00000006c0000000,0x00000006c19d5438,0x00000006c2080000)
 Metaspace       used 20737K, capacity 21174K, committed 21504K, reserved 1069056K
  class space    used 2600K, capacity 2721K, committed 2816K, reserved 1048576K
}
Event: 34437.905 GC heap before
{Heap before GC invocations=11518 (full 256):
 PSYoungGen      total 25600K, used 23465K [0x000000076ab00000, 0x000000076cd80000, 0x00000007c0000000)
  eden space 15872K, 92% used [0x000000076ab00000,0x000000076b952050,0x000000076ba80000)
  from space 9728K, 90% used [0x000000076ba80000,0x000000076c318618,0x000000076c400000)
  to   space 9728K, 0% used [0x000000076c400000,0x000000076c400000,0x000000076cd80000)
 ParOldGen       total 33280K, used 26453K [0x00000006c0000000, 0x00000006c2080000, 0x000000076ab00000)
  object space 33280K, 79% used [0x00000006c0000000,0x00000006c19d5438,0x00000006c2080000)
 Metaspace       used 20762K, capacity 21182K, committed 21504K, reserved 1069056K
  class space    used 2604K, capacity 2723K, committed 2816K, reserved 1048576K
Event: 34437.911 GC heap after
Heap after GC invocations=11518 (full 256):
 PSYoungGen      total 25600K, used 8709K [0x000000076ab00000, 0x000000076cd80000, 0x00000007c0000000)
  eden space 15872K, 0% used [0x000000076ab00000,0x000000076ab00000,0x000000076ba80000)
  from space 9728K, 89% used [0x000000076c400000,0x000000076cc815d8,0x000000076cd80000)
  to   space 9728K, 0% used [0x000000076ba80000,0x000000076ba80000,0x000000076c400000)
 ParOldGen       total 33280K, used 28311K [0x00000006c0000000, 0x00000006c2080000, 0x000000076ab00000)
  object space 33280K, 85% used [0x00000006c0000000,0x00000006c1ba5c58,0x00000006c2080000)
 Metaspace       used 20762K, capacity 21182K, committed 21504K, reserved 1069056K
  class space    used 2604K, capacity 2723K, committed 2816K, reserved 1048576K
}

