# JRE version: Java(TM) SE Runtime Environment (8.0_191-b12) (build 1.8.0_191-b12)
# Java VM: Java HotSpot(TM) 64-Bit Server VM (25.191-b12 mixed mode bsd-amd64 compressed oops)
Heap:
 PSYoungGen      total 32256K, used 835K [0x000000076ab00000, 0x000000076dd80000, 0x00000007c0000000)
  eden space 16896K, 4% used [0x000000076ab00000,0x000000076abd0f80,0x000000076bb80000)
  from space 15360K, 0% used [0x000000076bb80000,0x000000076bb80000,0x000000076ca80000)
  to   space 17408K, 0% used [0x000000076cc80000,0x000000076cc80000,0x000000076dd80000)
 ParOldGen       total 34304K, used 13141K [0x00000006c0000000, 0x00000006c2180000, 0x000000076ab00000)
  object space 34304K, 38% used [0x00000006c0000000,0x00000006c0cd5740,0x00000006c2180000)
 Metaspace       used 20780K, capacity 21244K, committed 21504K, reserved 1069056K
  class space    used 2608K, capacity 2722K, committed 2816K, reserved 1048576K
GC Heap History (10 events):
Event: 19181.399 GC heap before
{Heap before GC invocations=10316 (full 196):
 PSYoungGen      total 30208K, used 19404K [0x000000076ab00000, 0x000000076d780000, 0x00000007c0000000)
  eden space 17920K, 100% used [0x000000076ab00000,0x000000076bc80000,0x000000076bc80000)
  from space 12288K, 12% used [0x000000076bc80000,0x000000076bdf32c8,0x000000076c880000)
  to   space 13824K, 0% used [0x000000076ca00000,0x000000076ca00000,0x000000076d780000)
 ParOldGen       total 38912K, used 33611K [0x00000006c0000000, 0x00000006c2600000, 0x000000076ab00000)
  object space 38912K, 86% used [0x00000006c0000000,0x00000006c20d2e20,0x00000006c2600000)
 Metaspace       used 20778K, capacity 21244K, committed 21504K, reserved 1069056K
  class space    used 2608K, capacity 2722K, committed 2816K, reserved 1048576K
Event: 19181.430 GC heap after
Heap after GC invocations=10316 (full 196):
 PSYoungGen      total 30720K, used 1484K [0x000000076ab00000, 0x000000076d980000, 0x00000007c0000000)
  eden space 16896K, 0% used [0x000000076ab00000,0x000000076ab00000,0x000000076bb80000)
  from space 13824K, 10% used [0x000000076ca00000,0x000000076cb732c8,0x000000076d780000)
  to   space 14848K, 0% used [0x000000076bb80000,0x000000076bb80000,0x000000076ca00000)
 ParOldGen       total 38912K, used 33627K [0x00000006c0000000, 0x00000006c2600000, 0x000000076ab00000)
  object space 38912K, 86% used [0x00000006c0000000,0x00000006c20d6e20,0x00000006c2600000)
 Metaspace       used 20778K, capacity 21244K, committed 21504K, reserved 1069056K
  class space    used 2608K, capacity 2722K, committed 2816K, reserved 1048576K
}
Event: 19610.021 GC heap before
{Heap before GC invocations=10317 (full 196):
 PSYoungGen      total 30720K, used 18380K [0x000000076ab00000, 0x000000076d980000, 0x00000007c0000000)
  eden space 16896K, 100% used [0x000000076ab00000,0x000000076bb80000,0x000000076bb80000)
  from space 13824K, 10% used [0x000000076ca00000,0x000000076cb732c8,0x000000076d780000)
  to   space 14848K, 0% used [0x000000076bb80000,0x000000076bb80000,0x000000076ca00000)
 ParOldGen       total 38912K, used 33627K [0x00000006c0000000, 0x00000006c2600000, 0x000000076ab00000)
  object space 38912K, 86% used [0x00000006c0000000,0x00000006c20d6e20,0x00000006c2600000)
 Metaspace       used 20778K, capacity 21244K, committed 21504K, reserved 1069056K
  class space    used 2608K, capacity 2722K, committed 2816K, reserved 1048576K
Event: 19610.028 GC heap after
Heap after GC invocations=10317 (full 196):
 PSYoungGen      total 31744K, used 1088K [0x000000076ab00000, 0x000000076d980000, 0x00000007c0000000)
  eden space 16896K, 0% used [0x000000076ab00000,0x000000076ab00000,0x000000076bb80000)
  from space 14848K, 7% used [0x000000076bb80000,0x000000076bc902d0,0x000000076ca00000)
  to   space 15360K, 0% used [0x000000076ca80000,0x000000076ca80000,0x000000076d980000)
 ParOldGen       total 38912K, used 33643K [0x00000006c0000000, 0x00000006c2600000, 0x000000076ab00000)
  object space 38912K, 86% used [0x00000006c0000000,0x00000006c20dae20,0x00000006c2600000)
 Metaspace       used 20778K, capacity 21244K, committed 21504K, reserved 1069056K
  class space    used 2608K, capacity 2722K, committed 2816K, reserved 1048576K
}
Event: 19929.657 GC heap before
{Heap before GC invocations=10318 (full 196):
 PSYoungGen      total 31744K, used 17984K [0x000000076ab00000, 0x000000076d980000, 0x00000007c0000000)
  eden space 16896K, 100% used [0x000000076ab00000,0x000000076bb80000,0x000000076bb80000)
  from space 14848K, 7% used [0x000000076bb80000,0x000000076bc902d0,0x000000076ca00000)
  to   space 15360K, 0% used [0x000000076ca80000,0x000000076ca80000,0x000000076d980000)
 ParOldGen       total 38912K, used 33643K [0x00000006c0000000, 0x00000006c2600000, 0x000000076ab00000)
  object space 38912K, 86% used [0x00000006c0000000,0x00000006c20dae20,0x00000006c2600000)
 Metaspace       used 20779K, capacity 21244K, committed 21504K, reserved 1069056K
  class space    used 2608K, capacity 2722K, committed 2816K, reserved 1048576K
Event: 19929.675 GC heap after
Heap after GC invocations=10318 (full 196):
 PSYoungGen      total 32256K, used 1549K [0x000000076ab00000, 0x000000076d980000, 0x00000007c0000000)
  eden space 16896K, 0% used [0x000000076ab00000,0x000000076ab00000,0x000000076bb80000)
  from space 15360K, 10% used [0x000000076ca80000,0x000000076cc035d0,0x000000076d980000)
  to   space 15360K, 0% used [0x000000076bb80000,0x000000076bb80000,0x000000076ca80000)
 ParOldGen       total 38912K, used 33659K [0x00000006c0000000, 0x00000006c2600000, 0x000000076ab00000)
  object space 38912K, 86% used [0x00000006c0000000,0x00000006c20dee20,0x00000006c2600000)
 Metaspace       used 20779K, capacity 21244K, committed 21504K, reserved 1069056K
  class space    used 2608K, capacity 2722K, committed 2816K, reserved 1048576K
}
Event: 20183.155 GC heap before
{Heap before GC invocations=10319 (full 196):
 PSYoungGen      total 32256K, used 18178K [0x000000076ab00000, 0x000000076d980000, 0x00000007c0000000)
  eden space 16896K, 98% used [0x000000076ab00000,0x000000076bb3d230,0x000000076bb80000)
  from space 15360K, 10% used [0x000000076ca80000,0x000000076cc035d0,0x000000076d980000)
  to   space 15360K, 0% used [0x000000076bb80000,0x000000076bb80000,0x000000076ca80000)
 ParOldGen       total 38912K, used 33659K [0x00000006c0000000, 0x00000006c2600000, 0x000000076ab00000)
  object space 38912K, 86% used [0x00000006c0000000,0x00000006c20dee20,0x00000006c2600000)
 Metaspace       used 20780K, capacity 21244K, committed 21504K, reserved 1069056K
  class space    used 2608K, capacity 2722K, committed 2816K, reserved 1048576K
Event: 20183.170 GC heap after
Heap after GC invocations=10319 (full 196):
 PSYoungGen      total 32256K, used 14145K [0x000000076ab00000, 0x000000076dd80000, 0x00000007c0000000)
  eden space 16896K, 0% used [0x000000076ab00000,0x000000076ab00000,0x000000076bb80000)
  from space 15360K, 92% used [0x000000076bb80000,0x000000076c9506c8,0x000000076ca80000)
  to   space 17408K, 0% used [0x000000076cc80000,0x000000076cc80000,0x000000076dd80000)
 ParOldGen       total 38912K, used 37387K [0x00000006c0000000, 0x00000006c2600000, 0x000000076ab00000)
  object space 38912K, 96% used [0x00000006c0000000,0x00000006c2482e30,0x00000006c2600000)
 Metaspace       used 20780K, capacity 21244K, committed 21504K, reserved 1069056K
  class space    used 2608K, capacity 2722K, committed 2816K, reserved 1048576K
}
Event: 20183.171 GC heap before
{Heap before GC invocations=10320 (full 197):
 PSYoungGen      total 32256K, used 14145K [0x000000076ab00000, 0x000000076dd80000, 0x00000007c0000000)
  eden space 16896K, 0% used [0x000000076ab00000,0x000000076ab00000,0x000000076bb80000)
  from space 15360K, 92% used [0x000000076bb80000,0x000000076c9506c8,0x000000076ca80000)
  to   space 17408K, 0% used [0x000000076cc80000,0x000000076cc80000,0x000000076dd80000)
 ParOldGen       total 38912K, used 37387K [0x00000006c0000000, 0x00000006c2600000, 0x000000076ab00000)
  object space 38912K, 96% used [0x00000006c0000000,0x00000006c2482e30,0x00000006c2600000)
 Metaspace       used 20780K, capacity 21244K, committed 21504K, reserved 1069056K
  class space    used 2608K, capacity 2722K, committed 2816K, reserved 1048576K
Event: 20183.297 GC heap after
Heap after GC invocations=10320 (full 197):
 PSYoungGen      total 32256K, used 0K [0x000000076ab00000, 0x000000076dd80000, 0x00000007c0000000)
  eden space 16896K, 0% used [0x000000076ab00000,0x000000076ab00000,0x000000076bb80000)
  from space 15360K, 0% used [0x000000076bb80000,0x000000076bb80000,0x000000076ca80000)
  to   space 17408K, 0% used [0x000000076cc80000,0x000000076cc80000,0x000000076dd80000)
 ParOldGen       total 34304K, used 13141K [0x00000006c0000000, 0x00000006c2180000, 0x000000076ab00000)
  object space 34304K, 38% used [0x00000006c0000000,0x00000006c0cd5740,0x00000006c2180000)
 Metaspace       used 20780K, capacity 21244K, committed 21504K, reserved 1069056K
  class space    used 2608K, capacity 2722K, committed 2816K, reserved 1048576K
}

